2024-09-14 21:13:33 DEBUG main.Main:20 - Hsdsadsad
2024-09-17 16:09:13 INFO  server.Server:20 - server.Server is listening on port 10010
2024-09-17 16:11:03 INFO  server.Server:20 - server.Server is listening on port 10001
2024-09-17 16:13:12 INFO  server.Server:20 - server.Server is listening on port 10001
2024-09-17 16:17:13 INFO  server.Server:20 - server.Server is listening on port 10001
2024-09-17 16:19:19 INFO  server.Server:20 - server.Server is listening on port 10001
2024-09-17 16:21:00 INFO  server.Server:20 - server.Server is listening on port 10001
2024-09-17 16:22:19 INFO  server.Server:20 - server.Server is listening on port 10001
2024-09-17 16:22:55 INFO  server.Server:20 - server.Server is listening on port 10001
2024-09-17 16:23:47 INFO  server.Server:20 - server.Server is listening on port 10001
2024-09-17 16:24:43 INFO  server.Server:20 - server.Server is listening on port 10001
2024-09-17 16:25:27 INFO  server.Server:20 - server.Server is listening on port 10001
2024-09-17 16:27:08 INFO  server.Server:20 - server.Server is listening on port 10001
2024-09-17 16:28:33 INFO  server.Server:20 - server.Server is listening on port 10001
2024-09-17 16:29:06 INFO  server.Server:20 - server.Server is listening on port 10001
2024-09-17 16:43:20 INFO  server.Server:20 - server.Server is listening on port 10001
2024-09-17 16:44:20 INFO  server.Server:20 - server.Server is listening on port 10001
2024-09-17 16:45:40 INFO  server.Server:20 - server.Server is listening on port 10001
2024-09-17 16:54:33 INFO  server.Server:20 - server.Server is listening on port 10001
2024-09-17 16:54:35 ERROR server.Server:39 - java.net.BindException: Address already in use: bind
2024-09-17 16:56:15 INFO  server.Server:20 - server.Server is listening on port 10001
2024-09-17 16:58:23 INFO  server.Server:20 - server.Server is listening on port 10001
2024-09-17 17:05:54 INFO  server.Server:20 - server.Server is listening on port 10001
2024-09-17 17:07:10 INFO  server.Server:20 - server.Server is listening on port 10001
2024-09-17 17:14:01 INFO  server.Server:20 - server.Server is listening on port 10001
2024-09-17 17:15:22 INFO  server.Server:20 - server.Server is listening on port 10001
2024-09-17 17:24:12 INFO  server.Server:20 - server.Server is listening on port 10001
2024-09-17 17:24:58 INFO  server.Server:20 - server.Server is listening on port 10001
2024-09-19 11:05:59 INFO  Server:22 - server.Server is listening on port 10001
2024-09-19 11:09:30 INFO  Server:22 - server.Server is listening on port 10001
2024-09-19 11:22:08 INFO  Server:22 - server.Server is listening on port 10001
2024-09-19 11:23:55 INFO  Server:22 - server.Server is listening on port 10001
2024-09-19 11:25:08 INFO  Server:22 - server.Server is listening on port 10001
2024-09-19 11:26:20 INFO  Server:22 - server.Server is listening on port 10001
2024-09-19 12:19:27 INFO  Server:22 - server.Server is listening on port 10001
2024-09-19 12:20:38 INFO  Server:22 - server.Server is listening on port 10001
2024-09-19 12:22:43 INFO  Server:22 - server.Server is listening on port 10001
2024-09-19 12:23:40 INFO  Server:22 - server.Server is listening on port 10001
2024-09-19 12:24:49 INFO  Server:22 - server.Server is listening on port 10001
2024-09-19 12:25:39 INFO  Server:22 - server.Server is listening on port 10001
2024-09-19 12:28:15 INFO  Server:22 - server.Server is listening on port 10001
2024-09-19 12:38:17 INFO  Server:22 - server.Server is listening on port 10001
2024-09-19 12:46:40 INFO  Server:22 - server.Server is listening on port 10001
2024-09-19 12:47:23 INFO  Server:22 - server.Server is listening on port 10001
2024-09-19 12:59:10 INFO  Server:22 - server.Server is listening on port 10001
2024-09-19 13:00:12 INFO  Server:22 - server.Server is listening on port 10001
2024-09-19 13:04:08 INFO  Server:22 - server.Server is listening on port 10001
2024-09-19 13:06:11 INFO  Server:22 - server.Server is listening on port 10001
2024-09-19 13:08:36 INFO  Server:22 - server.Server is listening on port 10001
2024-09-19 13:09:40 INFO  Server:22 - server.Server is listening on port 10001
2024-09-19 13:16:15 INFO  Server:22 - server.Server is listening on port 10001
2024-09-19 13:46:37 INFO  Server:22 - server.Server is listening on port 10001
2024-09-19 16:10:20 INFO  Server:22 - server.Server is listening on port 10001
2024-09-19 17:19:33 INFO  Server:22 - server.Server is listening on port 10001
2024-09-19 17:19:44 INFO  Server:22 - server.Server is listening on port 10001
2024-09-19 17:20:03 DEBUG UserActionHandler:19 - Test
2024-09-19 17:20:14 DEBUG UserActionHandler:19 - Test
2024-09-19 22:48:28 INFO  Server:22 - server.Server is listening on port 10001
2024-09-19 22:49:29 INFO  Server:22 - server.Server is listening on port 10001
2024-09-19 22:54:20 INFO  Server:22 - server.Server is listening on port 10001
2024-09-19 22:55:53 INFO  Server:22 - server.Server is listening on port 10001
2024-09-19 22:56:44 INFO  Server:22 - server.Server is listening on port 10001
2024-09-19 22:57:49 INFO  Server:22 - server.Server is listening on port 10001
2024-09-19 23:02:06 INFO  Server:22 - server.Server is listening on port 10001
2024-09-19 23:03:53 INFO  Server:22 - server.Server is listening on port 10001
2024-09-19 23:07:53 INFO  Server:23 - server.Server is listening on port 10001
2024-09-28 14:35:48 INFO  Server:23 - server.Server is listening on port 10001
2024-10-09 12:03:40 INFO  Server:23 - server.Server is listening on port 10001
2024-10-15 10:15:07 INFO  Server:24 - server.Server is listening on port 10001
2024-10-15 10:17:16 INFO  Server:24 - server.Server is listening on port 10001
2024-10-15 10:19:08 INFO  Server:24 - server.Server is listening on port 10001
2024-10-15 10:20:59 INFO  Server:24 - server.Server is listening on port 10001
2024-10-15 10:27:59 INFO  Server:26 - Server is listening on port 10001
2024-10-23 16:28:47 INFO  Server:26 - Server is listening on port 10001
2024-12-06 11:13:22 INFO  Server:26 - Server is listening on port 10001
2024-12-06 11:52:29 INFO  Server:26 - Server is listening on port 10001
2024-12-14 14:57:39 INFO  Server:26 - Server is listening on port 10001
2024-12-14 18:20:16 INFO  Server:26 - Server is listening on port 10001
2024-12-14 18:28:08 INFO  Server:26 - Server is listening on port 10001
2024-12-14 20:31:39 INFO  Server:26 - Server is listening on port 10001
2024-12-14 20:35:30 INFO  Server:26 - Server is listening on port 10001
2024-12-14 20:37:09 INFO  Server:26 - Server is listening on port 10001
2024-12-14 20:38:16 INFO  Server:26 - Server is listening on port 10001
2024-12-14 20:39:52 INFO  Server:26 - Server is listening on port 10001
2024-12-14 20:42:44 INFO  Server:26 - Server is listening on port 10001
2024-12-14 20:44:36 INFO  Server:26 - Server is listening on port 10001
2024-12-14 20:45:48 INFO  Server:26 - Server is listening on port 10001
2024-12-14 20:46:30 INFO  Server:26 - Server is listening on port 10001
2024-12-14 21:21:14 INFO  Server:26 - Server is listening on port 10001
2024-12-14 21:22:30 INFO  Server:26 - Server is listening on port 10001
2024-12-14 21:25:54 INFO  Server:26 - Server is listening on port 10001
2024-12-14 21:28:11 INFO  Server:26 - Server is listening on port 10001
2024-12-14 21:50:26 INFO  Server:26 - Server is listening on port 10001
2024-12-14 21:51:23 INFO  Server:26 - Server is listening on port 10001
2024-12-14 21:54:29 INFO  Server:26 - Server is listening on port 10001
2024-12-15 11:46:08 INFO  Server:26 - Server is listening on port 10001
2024-12-25 07:25:25 INFO  Server:26 - Server is listening on port 10001
2024-12-25 07:35:50 INFO  Server:26 - Server is listening on port 10001
2024-12-26 16:52:40 INFO  Server:26 - Server is listening on port 10001
2024-12-26 16:57:22 INFO  Server:26 - Server is listening on port 10001
2025-01-01 15:56:30 INFO  Server:26 - Server is listening on port 10001
2025-01-01 15:59:28 INFO  Server:26 - Server is listening on port 10001
2025-01-01 16:28:51 INFO  Server:26 - Server is listening on port 10001
2025-01-01 16:29:50 INFO  Server:26 - Server is listening on port 10001
2025-01-01 16:31:36 INFO  Server:26 - Server is listening on port 10001
2025-01-01 16:34:37 INFO  Server:26 - Server is listening on port 10001
2025-01-01 16:35:35 INFO  Server:26 - Server is listening on port 10001
2025-01-01 16:36:30 INFO  Server:26 - Server is listening on port 10001
2025-01-01 17:02:53 INFO  Server:26 - Server is listening on port 10001
2025-01-01 17:04:04 INFO  Server:26 - Server is listening on port 10001
2025-01-01 17:07:21 INFO  Server:26 - Server is listening on port 10001
2025-01-01 18:02:15 INFO  Server:26 - Server is listening on port 10001
2025-01-01 18:09:39 INFO  Server:26 - Server is listening on port 10001
2025-01-01 18:26:19 INFO  Server:26 - Server is listening on port 10001
2025-01-01 18:26:59 INFO  Server:26 - Server is listening on port 10001
2025-01-01 22:13:25 INFO  Server:26 - Server is listening on port 10001
2025-01-01 22:14:17 INFO  Server:26 - Server is listening on port 10001
2025-01-01 22:16:18 INFO  Server:26 - Server is listening on port 10001
2025-01-01 22:21:25 INFO  Server:26 - Server is listening on port 10001
2025-01-01 22:22:02 INFO  Server:26 - Server is listening on port 10001
2025-01-01 22:23:26 INFO  Server:26 - Server is listening on port 10001
2025-01-02 10:52:40 INFO  Server:26 - Server is listening on port 10001
2025-01-02 10:58:03 INFO  Server:26 - Server is listening on port 10001
2025-01-02 11:01:16 INFO  Server:26 - Server is listening on port 10001
2025-01-02 11:01:55 INFO  Server:26 - Server is listening on port 10001
2025-01-02 11:03:48 INFO  Server:26 - Server is listening on port 10001
2025-01-02 11:05:41 INFO  Server:26 - Server is listening on port 10001
2025-01-02 11:06:43 INFO  Server:26 - Server is listening on port 10001
2025-01-02 12:15:58 INFO  Server:26 - Server is listening on port 10001
2025-01-02 12:19:16 INFO  Server:26 - Server is listening on port 10001
2025-01-02 12:41:58 INFO  Server:26 - Server is listening on port 10001
2025-01-02 12:44:25 INFO  Server:26 - Server is listening on port 10001
2025-01-02 12:45:11 INFO  Server:26 - Server is listening on port 10001
2025-01-02 12:46:16 INFO  Server:26 - Server is listening on port 10001
2025-01-02 12:48:28 INFO  Server:26 - Server is listening on port 10001
2025-01-02 12:50:24 INFO  Server:26 - Server is listening on port 10001
2025-01-02 18:38:40 INFO  Server:26 - Server is listening on port 10001
2025-01-02 18:44:27 INFO  Server:26 - Server is listening on port 10001
2025-01-02 18:46:20 INFO  Server:26 - Server is listening on port 10001
2025-01-02 19:18:08 INFO  Server:26 - Server is listening on port 10001
2025-01-02 19:52:03 INFO  Server:26 - Server is listening on port 10001
2025-01-02 20:04:50 INFO  Server:26 - Server is listening on port 10001
2025-01-02 20:06:12 INFO  Server:26 - Server is listening on port 10001
2025-01-02 20:12:59 INFO  Server:26 - Server is listening on port 10001
2025-01-03 08:26:13 INFO  Server:26 - Server is listening on port 10001
2025-01-03 08:27:51 INFO  Server:26 - Server is listening on port 10001
2025-01-03 08:29:11 INFO  Server:26 - Server is listening on port 10001
2025-01-03 09:05:48 INFO  Server:26 - Server is listening on port 10001
2025-01-03 09:05:49 ERROR Server:43 - java.net.BindException: Address already in use: bind
2025-01-03 09:06:03 INFO  Server:26 - Server is listening on port 10001
2025-01-03 09:11:51 INFO  Server:26 - Server is listening on port 10001
2025-01-03 12:17:06 INFO  Server:26 - Server is listening on port 10001
2025-01-03 12:19:52 INFO  Server:26 - Server is listening on port 10001
2025-01-03 12:21:56 INFO  Server:26 - Server is listening on port 10001
2025-01-03 12:21:59 ERROR Server:43 - java.net.BindException: Address already in use: bind
2025-01-03 12:22:05 INFO  Server:26 - Server is listening on port 10001
2025-01-05 11:46:15 INFO  Server:26 - Server is listening on port 10001
2025-01-05 11:53:19 INFO  Server:26 - Server is listening on port 10001
2025-01-05 11:57:30 INFO  Server:26 - Server is listening on port 10001
2025-01-05 12:03:09 INFO  Server:26 - Server is listening on port 10001
2025-01-05 12:03:57 INFO  Server:26 - Server is listening on port 10001
2025-01-05 12:04:41 INFO  Server:26 - Server is listening on port 10001
2025-01-05 12:06:33 INFO  Server:26 - Server is listening on port 10001
2025-01-05 12:09:36 INFO  Server:26 - Server is listening on port 10001
2025-01-05 12:22:23 INFO  Server:26 - Server is listening on port 10001
2025-01-05 12:30:17 INFO  Server:26 - Server is listening on port 10001
2025-01-05 12:31:59 INFO  Server:26 - Server is listening on port 10001
2025-01-05 12:32:27 INFO  Server:26 - Server is listening on port 10001
2025-01-05 12:35:35 INFO  Server:26 - Server is listening on port 10001
2025-01-05 12:40:23 INFO  Server:26 - Server is listening on port 10001
2025-01-05 12:45:51 INFO  Server:26 - Server is listening on port 10001
2025-01-05 12:49:11 INFO  Server:26 - Server is listening on port 10001
2025-01-05 12:50:49 INFO  Server:26 - Server is listening on port 10001
2025-01-05 12:56:14 INFO  Server:26 - Server is listening on port 10001
2025-01-05 13:00:22 INFO  Server:26 - Server is listening on port 10001
2025-01-05 13:03:16 INFO  Server:26 - Server is listening on port 10001
2025-01-05 13:04:45 INFO  Server:26 - Server is listening on port 10001
2025-01-05 13:12:50 INFO  Server:26 - Server is listening on port 10001
2025-01-05 13:26:25 INFO  Server:26 - Server is listening on port 10001
2025-01-05 13:36:43 INFO  Server:26 - Server is listening on port 10001
2025-01-05 13:55:59 INFO  Server:26 - Server is listening on port 10001
2025-01-05 14:01:44 INFO  Server:26 - Server is listening on port 10001
2025-01-05 14:03:40 INFO  Server:26 - Server is listening on port 10001
2025-01-05 14:10:37 INFO  Server:26 - Server is listening on port 10001
2025-01-05 14:12:20 INFO  Server:26 - Server is listening on port 10001
2025-01-05 14:16:02 INFO  Server:26 - Server is listening on port 10001
2025-01-05 14:16:41 INFO  Server:26 - Server is listening on port 10001
2025-01-05 14:17:42 INFO  Server:26 - Server is listening on port 10001
2025-01-05 14:19:36 INFO  Server:26 - Server is listening on port 10001
2025-01-05 16:44:10 INFO  Server:26 - Server is listening on port 10001
2025-01-05 16:45:19 INFO  Server:26 - Server is listening on port 10001
2025-01-05 16:47:50 INFO  Server:26 - Server is listening on port 10001
2025-01-05 16:53:24 INFO  Server:26 - Server is listening on port 10001
2025-01-05 16:58:12 INFO  Server:26 - Server is listening on port 10001
2025-01-05 17:04:08 INFO  Server:26 - Server is listening on port 10001
2025-01-05 17:04:12 INFO  Server:26 - Server is listening on port 10001
2025-01-05 17:08:17 INFO  Server:26 - Server is listening on port 10001
2025-01-05 17:09:16 INFO  Server:26 - Server is listening on port 10001
2025-01-05 17:10:28 INFO  Server:26 - Server is listening on port 10001
2025-01-05 17:13:44 INFO  Server:26 - Server is listening on port 10001
2025-01-05 17:23:58 INFO  Server:26 - Server is listening on port 10001
2025-01-05 17:24:54 INFO  Server:26 - Server is listening on port 10001
2025-01-05 17:39:49 INFO  Server:26 - Server is listening on port 10001
2025-01-05 17:52:07 INFO  Server:26 - Server is listening on port 10001
2025-01-05 17:57:18 INFO  Server:26 - Server is listening on port 10001
2025-01-05 18:00:19 INFO  Server:26 - Server is listening on port 10001
2025-01-05 18:05:04 INFO  Server:26 - Server is listening on port 10001
2025-01-05 18:07:18 INFO  Server:26 - Server is listening on port 10001
2025-01-05 18:08:01 INFO  Server:26 - Server is listening on port 10001
2025-01-05 18:09:15 INFO  Server:26 - Server is listening on port 10001
2025-01-05 21:32:20 INFO  Server:26 - Server is listening on port 10001
2025-01-05 21:33:00 INFO  Server:26 - Server is listening on port 10001
2025-01-06 12:59:06 INFO  Server:26 - Server is listening on port 10001
2025-01-07 23:39:49 INFO  Server:26 - Server is listening on port 10001
2025-01-07 23:41:29 INFO  Server:26 - Server is listening on port 10001
2025-01-07 23:53:36 INFO  Server:26 - Server is listening on port 10001
2025-01-07 23:56:38 INFO  Server:26 - Server is listening on port 10001
2025-01-07 23:56:40 ERROR Server:43 - java.net.BindException: Address already in use: bind
2025-01-07 23:56:46 INFO  Server:26 - Server is listening on port 10001
2025-01-07 23:59:15 INFO  Server:26 - Server is listening on port 10001
2025-01-08 00:02:02 INFO  Server:26 - Server is listening on port 10001
2025-01-08 00:08:49 INFO  Server:26 - Server is listening on port 10001
2025-01-08 00:10:41 INFO  Server:26 - Server is listening on port 10001
2025-01-08 13:35:20 INFO  Server:26 - Server is listening on port 10001
2025-01-08 13:38:29 INFO  Server:26 - Server is listening on port 10001
2025-01-08 13:39:05 INFO  Server:26 - Server is listening on port 10001
2025-01-08 13:40:20 INFO  Server:26 - Server is listening on port 10001
2025-01-08 13:41:51 INFO  Server:26 - Server is listening on port 10001
2025-01-08 13:42:57 INFO  Server:26 - Server is listening on port 10001
2025-01-08 13:48:56 INFO  Server:26 - Server is listening on port 10001
2025-01-08 18:41:10 INFO  Server:26 - Server is listening on port 10001
2025-01-08 18:43:22 INFO  Server:26 - Server is listening on port 10001
2025-01-08 18:46:43 INFO  Server:26 - Server is listening on port 10001
2025-01-08 19:05:04 INFO  Server:26 - Server is listening on port 10001
2025-01-08 19:10:57 INFO  Server:26 - Server is listening on port 10001
2025-01-08 19:13:44 INFO  Server:26 - Server is listening on port 10001
2025-01-08 19:15:08 INFO  Server:26 - Server is listening on port 10001
2025-01-08 19:20:16 INFO  Server:26 - Server is listening on port 10001
2025-01-08 19:29:43 INFO  Server:26 - Server is listening on port 10001
2025-01-08 19:34:34 INFO  Server:26 - Server is listening on port 10001
2025-01-08 19:35:09 INFO  Server:26 - Server is listening on port 10001
2025-01-08 19:36:10 INFO  Server:26 - Server is listening on port 10001
2025-01-08 19:37:43 INFO  Server:26 - Server is listening on port 10001
2025-01-08 19:43:25 INFO  Server:26 - Server is listening on port 10001
2025-01-08 19:44:03 INFO  Server:26 - Server is listening on port 10001
2025-01-08 19:46:58 INFO  Server:26 - Server is listening on port 10001
2025-01-08 19:47:24 INFO  Server:26 - Server is listening on port 10001
2025-01-08 20:02:31 INFO  Server:26 - Server is listening on port 10001
2025-01-08 20:04:46 INFO  Server:26 - Server is listening on port 10001
2025-01-08 20:06:41 INFO  Server:26 - Server is listening on port 10001
2025-01-08 21:47:29 INFO  Server:26 - Server is listening on port 10001
2025-01-08 22:44:47 INFO  Server:26 - Server is listening on port 10001
2025-01-09 11:10:38 INFO  Server:26 - Server is listening on port 10001
2025-01-09 11:12:46 INFO  Server:26 - Server is listening on port 10001
2025-01-09 11:14:21 INFO  Server:26 - Server is listening on port 10001
2025-01-09 11:15:21 INFO  Server:26 - Server is listening on port 10001
2025-01-09 12:12:48 INFO  Server:26 - Server is listening on port 10001
2025-01-09 12:13:51 INFO  Server:26 - Server is listening on port 10001
2025-01-09 12:14:15 INFO  Server:26 - Server is listening on port 10001
2025-01-09 12:15:38 INFO  Server:26 - Server is listening on port 10001
2025-01-09 12:16:01 INFO  Server:26 - Server is listening on port 10001
2025-01-09 12:18:36 INFO  Server:26 - Server is listening on port 10001
2025-01-09 12:20:02 INFO  Server:26 - Server is listening on port 10001
2025-01-09 12:20:54 INFO  Server:26 - Server is listening on port 10001
2025-01-09 12:22:21 INFO  Server:26 - Server is listening on port 10001
2025-01-09 12:23:27 INFO  Server:26 - Server is listening on port 10001
2025-01-09 12:24:48 INFO  Server:26 - Server is listening on port 10001
2025-01-09 12:25:20 INFO  Server:26 - Server is listening on port 10001
2025-01-09 12:26:03 INFO  Server:26 - Server is listening on port 10001
2025-01-09 12:26:42 INFO  Server:26 - Server is listening on port 10001
2025-01-09 12:30:36 INFO  Server:26 - Server is listening on port 10001
2025-01-09 12:33:02 INFO  Server:26 - Server is listening on port 10001
2025-01-09 12:34:21 INFO  Server:26 - Server is listening on port 10001
2025-01-09 12:35:00 INFO  Server:26 - Server is listening on port 10001
2025-01-09 12:35:37 INFO  Server:26 - Server is listening on port 10001
2025-01-09 12:36:32 INFO  Server:26 - Server is listening on port 10001
2025-01-09 12:36:55 INFO  Server:26 - Server is listening on port 10001
2025-01-09 14:27:28 INFO  Server:26 - Server is listening on port 10001
2025-01-09 14:30:35 INFO  Server:26 - Server is listening on port 10001
2025-01-09 14:32:03 INFO  Server:26 - Server is listening on port 10001
2025-01-09 14:32:40 INFO  Server:26 - Server is listening on port 10001
2025-01-09 14:32:51 INFO  Server:26 - Server is listening on port 10001
2025-01-09 14:33:27 INFO  Server:26 - Server is listening on port 10001
2025-01-09 14:33:48 INFO  Server:26 - Server is listening on port 10001
2025-01-12 19:16:26 INFO  Server:26 - Server is listening on port 10001
2025-01-12 19:18:47 INFO  Server:26 - Server is listening on port 10001
2025-01-12 19:20:37 INFO  Server:26 - Server is listening on port 10001
2025-01-12 19:24:10 INFO  Server:26 - Server is listening on port 10001
2025-01-12 19:25:37 INFO  Server:26 - Server is listening on port 10001
2025-01-12 19:26:45 INFO  Server:26 - Server is listening on port 10001
2025-01-12 19:35:17 INFO  Server:26 - Server is listening on port 10001
2025-01-12 19:36:01 INFO  Server:26 - Server is listening on port 10001
2025-01-12 19:43:33 INFO  Server:26 - Server is listening on port 10001
2025-01-12 19:45:26 INFO  Server:26 - Server is listening on port 10001
2025-01-12 21:25:57 INFO  Server:26 - Server is listening on port 10001
2025-01-12 21:26:44 INFO  Server:26 - Server is listening on port 10001
2025-01-12 21:34:40 INFO  Server:26 - Server is listening on port 10001
2025-01-12 21:35:41 INFO  Server:26 - Server is listening on port 10001
2025-01-12 21:36:07 INFO  Server:26 - Server is listening on port 10001
2025-01-12 21:37:14 INFO  Server:26 - Server is listening on port 10001
2025-01-13 11:06:12 INFO  Server:26 - Server is listening on port 10001
2025-01-13 11:07:12 INFO  Server:26 - Server is listening on port 10001
2025-01-13 11:08:08 INFO  Server:26 - Server is listening on port 10001
2025-01-13 11:08:37 INFO  Server:26 - Server is listening on port 10001
2025-01-13 11:09:23 INFO  Server:26 - Server is listening on port 10001
2025-01-13 11:09:57 INFO  Server:26 - Server is listening on port 10001
2025-01-13 11:15:43 INFO  Server:26 - Server is listening on port 10001
2025-01-13 11:15:50 INFO  Server:26 - Server is listening on port 10001
2025-01-13 11:16:15 INFO  Server:26 - Server is listening on port 10001
2025-01-13 11:37:25 INFO  Server:26 - Server is listening on port 10001
2025-01-13 22:15:16 INFO  Server:26 - Server is listening on port 10001
2025-01-13 22:15:17 ERROR Server:43 - java.net.BindException: Address already in use: bind
2025-01-13 22:15:24 INFO  Server:26 - Server is listening on port 10001
2025-01-13 22:37:57 INFO  Server:26 - Server is listening on port 10001
2025-01-13 22:38:41 INFO  Server:26 - Server is listening on port 10001
2025-01-13 23:01:21 INFO  Server:26 - Server is listening on port 10001
2025-01-14 21:44:31 INFO  Server:26 - Server is listening on port 10001
2025-01-14 21:54:00 INFO  Server:26 - Server is listening on port 10001
2025-01-14 21:59:23 INFO  Server:26 - Server is listening on port 10001
2025-01-14 22:00:45 INFO  Server:26 - Server is listening on port 10001
2025-01-15 23:17:41 INFO  Server:26 - Server is listening on port 10001
2025-01-15 23:17:44 INFO  Server:26 - Server is listening on port 10001
2025-01-15 23:24:35 INFO  Server:26 - Server is listening on port 10001
2025-01-16 15:25:02 INFO  Server:26 - Server is listening on port 10001
2025-01-16 15:26:43 INFO  Server:26 - Server is listening on port 10001
2025-01-16 15:30:47 INFO  Server:26 - Server is listening on port 10001
2025-01-16 15:32:19 INFO  Server:26 - Server is listening on port 10001
2025-01-16 15:36:53 INFO  Server:26 - Server is listening on port 10001
2025-01-16 21:18:04 INFO  Server:26 - Server is listening on port 10001
2025-01-16 21:22:32 INFO  Server:26 - Server is listening on port 10001
2025-01-16 21:23:14 INFO  Server:26 - Server is listening on port 10001
2025-01-16 21:25:18 INFO  Server:26 - Server is listening on port 10001
2025-01-16 21:29:19 INFO  Server:26 - Server is listening on port 10001
2025-01-17 00:21:07 INFO  Server:26 - Server is listening on port 10001
2025-01-17 00:26:04 INFO  Server:26 - Server is listening on port 10001
2025-01-17 00:34:52 INFO  Server:26 - Server is listening on port 10001
